  Actor.cpp
c:\users\adina\breakout\breakout\actor.h(6): fatal error C1083: Cannot open include file: 'SDL/SDL_stdinc.h': No such file or directory
  Ball.cpp
c:\users\adina\breakout\breakout\game.h(3): fatal error C1083: Cannot open include file: 'SDL/SDL.h': No such file or directory
  BallMove.cpp
c:\users\adina\breakout\breakout\component.h(2): fatal error C1083: Cannot open include file: 'SDL/SDL_stdinc.h': No such file or directory
  Block.cpp
c:\users\adina\breakout\breakout\actor.h(6): fatal error C1083: Cannot open include file: 'SDL/SDL_stdinc.h': No such file or directory
  CollisionComponent.cpp
c:\users\adina\breakout\breakout\component.h(2): fatal error C1083: Cannot open include file: 'SDL/SDL_stdinc.h': No such file or directory
  Component.cpp
c:\users\adina\breakout\breakout\component.h(2): fatal error C1083: Cannot open include file: 'SDL/SDL_stdinc.h': No such file or directory
  Game.cpp
c:\users\adina\breakout\breakout\game.h(3): fatal error C1083: Cannot open include file: 'SDL/SDL.h': No such file or directory
  Main.cpp
c:\users\adina\breakout\breakout\game.h(3): fatal error C1083: Cannot open include file: 'SDL/SDL.h': No such file or directory
  Math.cpp
  MoveComponent.cpp
c:\users\adina\breakout\breakout\component.h(2): fatal error C1083: Cannot open include file: 'SDL/SDL_stdinc.h': No such file or directory
  Paddle.cpp
c:\users\adina\breakout\breakout\game.h(3): fatal error C1083: Cannot open include file: 'SDL/SDL.h': No such file or directory
  Random.cpp
  SpriteComponent.cpp
c:\users\adina\breakout\breakout\component.h(2): fatal error C1083: Cannot open include file: 'SDL/SDL_stdinc.h': No such file or directory
  Generating Code...
